0 15 16 0 0 0 0 0 0 0 0
0.10000000000000001 15 16 0.0 0.0 0 0 0 0 0 0
0.20000000000000001 15 16 0.0 0.0 0 0 0 0 0 0
0.30000000000000004 15 16 0.0 0.0 0 0 0 0 0 0
0.40000000000000002 15 16 0.0 0.0 0 0 0 0 0 0
0.5 15 16 0.0 0.0 0 0 0 0 0 0
0.59999999999999998 15 16 0.0 0.0 0 0 0 0 0 0
0.69999999999999996 15 16 0.0 0.0 0 0 0 0 0 0
0.79999999999999993 15 16 0.46933333333374361 0.011733333333343591 8 8 0 320 320 0
0.89999999999999991 15 16 0.0 0.0 8 8 0 320 320 0
0.99999999999999989 15 16 0.0 0.0 8 8 0 320 320 0
1.0999999999999999 15 16 0.0 0.0 8 8 0 320 320 0
1.2 15 16 0.0 0.0 8 8 0 320 320 0
1.3 15 16 0.0 0.0 8 8 0 320 320 0
1.4000000000000001 15 16 0.0 0.0 8 8 0 320 320 0
1.5000000000000002 15 16 0.0 0.0 8 8 0 320 320 0
1.6000000000000003 15 16 861.95199999993758 0.82879999999993992 24 21 3 16960 13840 3120
1.7000000000000004 15 16 0.0 0.0 24 21 3 16960 13840 3120
1.8000000000000005 15 16 7520.0000000023083 7.5200000000023159 144 95 41 136960 87840 41120
1.9000000000000006 15 16 8200.0000000064156 8.2000000000064173 264 170 86 256960 162840 86120
2.0000000000000004 15 16 8200.000000010572 8.200000000010581 384 245 131 376960 237840 131120
2.1000000000000005 15 16 8200.0000000086548 8.200000000008659 504 320 176 496960 312840 176120
2.2000000000000006 15 16 8366.6666666669498 8.3666666666669496 624 396 220 616960 388840 220120
2.3000000000000007 15 16 8699.999999992564 8.6999999999925723 744 471 265 736960 463840 265120
2.4000000000000008 15 16 8484.1386666533053 8.4698666666533313 890 545 337 884000 537960 338040
2.5000000000000009 15 16 8319.999999980133 8.3199999999801353 1010 620 382 1004000 612960 383040
2.600000000000001 15 16 8319.9999999734682 8.3199999999734739 1130 695 427 1124000 687960 428040
2.7000000000000011 15 16 8319.9999999668034 8.3199999999668126 1250 770 472 1244000 762960 473040
2.8000000000000012 15 16 8319.9999999601478 8.3199999999601513 1370 845 517 1364000 837960 518040
2.9000000000000012 15 16 8319.999999953483 8.3199999999534899 1490 920 562 1484000 912960 563040
3.0000000000000013 15 16 8319.9999999468182 8.3199999999468286 1610 995 607 1604000 987960 608040
3.1000000000000014 15 16 8319.9999999401607 8.3199999999401673 1730 1070 652 1724000 1062960 653040
3.2000000000000015 15 16 8416.7359999338296 8.4023999999339356 1853 1145 700 1847120 1138080 701040
3.3000000000000016 15 16 8439.999999927626 8.4399999999276307 1973 1220 745 1967120 1213080 746040
3.4000000000000017 15 16 8439.9999999209613 8.4399999999209694 2093 1295 790 2087120 1288080 791040
3.5000000000000018 15 16 8439.9999999143074 8.439999999914308 2213 1370 835 2207120 1363080 836040
3.6000000000000019 15 16 8439.9999999076426 8.4399999999076467 2333 1445 880 2327120 1438080 881040
3.700000000000002 15 16 8439.9999999009797 8.4399999999009854 2453 1520 925 2447120 1513080 926040
3.800000000000002 15 16 8439.9999998943185 8.439999999894324 2573 1595 970 2567120 1588080 971040
3.9000000000000021 15 16 8439.9999998876519 8.4399999998876627 2693 1670 1015 2687120 1663080 1016040
4.0000000000000018 15 16 8532.7573332159209 8.5231999998826602 2815 1745 1062 2809200 1738160 1063040
4.1000000000000014 15 16 8519.9999998752028 8.5199999998751998 2935 1820 1107 2929200 1813160 1108040
4.2000000000000011 15 16 8519.9999998685398 8.5199999998685385 3055 1895 1152 3049200 1888160 1153040
4.3000000000000007 15 16 8519.999999861875 8.5199999998618772 3175 1970 1197 3169200 1963160 1198040
4.4000000000000004 15 16 8599.6159998544535 8.5909333331879836 3302 2045 1249 3296480 2038240 1250240
4.5 15 16 8599.999999849073 8.5999999998490786 3422 2120 1294 3416480 2113240 1295240
4.5999999999999996 15 16 8599.99999984241 8.5999999998424173 3542 2195 1339 3536480 2188240 1340240
4.6999999999999993 15 16 8599.9999998357471 8.5999999998357559 3662 2270 1384 3656480 2263240 1385240
4.7999999999999989 15 16 8619.4666664972337 8.6146666664972695 3784 2345 1431 3778560 2338280 1432280
4.8999999999999986 15 16 8639.9999998227013 8.6399999998226953 3904 2420 1476 3898560 2413280 1477280
4.9999999999999982 15 16 8639.9999998160256 8.6399999998160339 4024 2495 1521 4018560 2488280 1522280
